# JRE version: Java(TM) SE Runtime Environment (11.0.4+10) (build 11.0.4+10-LTS)
# Java VM: Java HotSpot(TM) 64-Bit Server VM (11.0.4+10-LTS, mixed mode, tiered, compressed oops, g1 gc, windows-amd64)
Heap:
 garbage-first heap   total 262144K, used 31442K [0x0000000701800000, 0x0000000800000000)
  region size 1024K, 26 young (26624K), 5 survivors (5120K)
 Metaspace       used 41609K, capacity 42615K, committed 42752K, reserved 1087488K
  class space    used 4886K, capacity 5291K, committed 5376K, reserved 1048576K
GC Heap History (10 events):
Event: 0.986 GC heap before
{Heap before GC invocations=0 (full 0):
 garbage-first heap   total 262144K, used 13312K [0x0000000701800000, 0x0000000800000000)
  region size 1024K, 14 young (14336K), 0 survivors (0K)
 Metaspace       used 10631K, capacity 10835K, committed 11136K, reserved 1058816K
  class space    used 1005K, capacity 1056K, committed 1152K, reserved 1048576K
}
Event: 1.045 GC heap after
{Heap after GC invocations=1 (full 0):
 garbage-first heap   total 262144K, used 3678K [0x0000000701800000, 0x0000000800000000)
  region size 1024K, 2 young (2048K), 2 survivors (2048K)
 Metaspace       used 10631K, capacity 10835K, committed 11136K, reserved 1058816K
  class space    used 1005K, capacity 1056K, committed 1152K, reserved 1048576K
}
Event: 1.957 GC heap before
{Heap before GC invocations=1 (full 0):
 garbage-first heap   total 262144K, used 44638K [0x0000000701800000, 0x0000000800000000)
  region size 1024K, 43 young (44032K), 2 survivors (2048K)
 Metaspace       used 20756K, capacity 21216K, committed 21248K, reserved 1069056K
  class space    used 2367K, capacity 2548K, committed 2560K, reserved 1048576K
}
Event: 1.966 GC heap after
{Heap after GC invocations=2 (full 0):
 garbage-first heap   total 262144K, used 6291K [0x0000000701800000, 0x0000000800000000)
  region size 1024K, 5 young (5120K), 5 survivors (5120K)
 Metaspace       used 20756K, capacity 21216K, committed 21248K, reserved 1069056K
  class space    used 2367K, capacity 2548K, committed 2560K, reserved 1048576K
}
Event: 2.553 GC heap before
{Heap before GC invocations=3 (full 0):
 garbage-first heap   total 262144K, used 27795K [0x0000000701800000, 0x0000000800000000)
  region size 1024K, 27 young (27648K), 5 survivors (5120K)
 Metaspace       used 25589K, capacity 26171K, committed 26240K, reserved 1073152K
  class space    used 2936K, capacity 3175K, committed 3200K, reserved 1048576K
}
Event: 2.560 GC heap after
{Heap after GC invocations=4 (full 0):
 garbage-first heap   total 262144K, used 7224K [0x0000000701800000, 0x0000000800000000)
  region size 1024K, 2 young (2048K), 2 survivors (2048K)
 Metaspace       used 25589K, capacity 26171K, committed 26240K, reserved 1073152K
  class space    used 2936K, capacity 3175K, committed 3200K, reserved 1048576K
}
Event: 5.278 GC heap before
{Heap before GC invocations=4 (full 0):
 garbage-first heap   total 262144K, used 56376K [0x0000000701800000, 0x0000000800000000)
  region size 1024K, 50 young (51200K), 2 survivors (2048K)
 Metaspace       used 33769K, capacity 34623K, committed 34816K, reserved 1079296K
  class space    used 3950K, capacity 4318K, committed 4352K, reserved 1048576K
}
Event: 5.285 GC heap after
{Heap after GC invocations=5 (full 0):
 garbage-first heap   total 262144K, used 10133K [0x0000000701800000, 0x0000000800000000)
  region size 1024K, 4 young (4096K), 4 survivors (4096K)
 Metaspace       used 33769K, capacity 34623K, committed 34816K, reserved 1079296K
  class space    used 3950K, capacity 4318K, committed 4352K, reserved 1048576K
}
Event: 5.596 GC heap before
{Heap before GC invocations=5 (full 0):
 garbage-first heap   total 262144K, used 20373K [0x0000000701800000, 0x0000000800000000)
  region size 1024K, 15 young (15360K), 4 survivors (4096K)
 Metaspace       used 34958K, capacity 35789K, committed 35840K, reserved 1081344K
  class space    used 4099K, capacity 4429K, committed 4480K, reserved 1048576K
}
Event: 5.605 GC heap after
{Heap after GC invocations=6 (full 0):
 garbage-first heap   total 262144K, used 10962K [0x0000000701800000, 0x0000000800000000)
  region size 1024K, 5 young (5120K), 5 survivors (5120K)
 Metaspace       used 34958K, capacity 35789K, committed 35840K, reserved 1081344K
  class space    used 4099K, capacity 4429K, committed 4480K, reserved 1048576K
}

