# JRE version: Java(TM) SE Runtime Environment (11.0.4+10) (build 11.0.4+10-LTS)
# Java VM: Java HotSpot(TM) 64-Bit Server VM (11.0.4+10-LTS, mixed mode, tiered, compressed oops, g1 gc, windows-amd64)
Heap:
 garbage-first heap   total 262144K, used 32600K [0x0000000701800000, 0x0000000800000000)
  region size 1024K, 27 young (27648K), 5 survivors (5120K)
 Metaspace       used 41587K, capacity 42586K, committed 42752K, reserved 1087488K
  class space    used 4883K, capacity 5259K, committed 5376K, reserved 1048576K
GC Heap History (10 events):
Event: 1.133 GC heap before
{Heap before GC invocations=0 (full 0):
 garbage-first heap   total 262144K, used 13312K [0x0000000701800000, 0x0000000800000000)
  region size 1024K, 14 young (14336K), 0 survivors (0K)
 Metaspace       used 10622K, capacity 10771K, committed 10880K, reserved 1058816K
  class space    used 1007K, capacity 1056K, committed 1152K, reserved 1048576K
}
Event: 1.237 GC heap after
{Heap after GC invocations=1 (full 0):
 garbage-first heap   total 262144K, used 3694K [0x0000000701800000, 0x0000000800000000)
  region size 1024K, 2 young (2048K), 2 survivors (2048K)
 Metaspace       used 10622K, capacity 10771K, committed 10880K, reserved 1058816K
  class space    used 1007K, capacity 1056K, committed 1152K, reserved 1048576K
}
Event: 2.270 GC heap before
{Heap before GC invocations=1 (full 0):
 garbage-first heap   total 262144K, used 44654K [0x0000000701800000, 0x0000000800000000)
  region size 1024K, 43 young (44032K), 2 survivors (2048K)
 Metaspace       used 20739K, capacity 21202K, committed 21248K, reserved 1069056K
  class space    used 2363K, capacity 2544K, committed 2560K, reserved 1048576K
}
Event: 2.280 GC heap after
{Heap after GC invocations=2 (full 0):
 garbage-first heap   total 262144K, used 6237K [0x0000000701800000, 0x0000000800000000)
  region size 1024K, 5 young (5120K), 5 survivors (5120K)
 Metaspace       used 20739K, capacity 21202K, committed 21248K, reserved 1069056K
  class space    used 2363K, capacity 2544K, committed 2560K, reserved 1048576K
}
Event: 3.159 GC heap before
{Heap before GC invocations=3 (full 0):
 garbage-first heap   total 262144K, used 37981K [0x0000000701800000, 0x0000000800000000)
  region size 1024K, 37 young (37888K), 5 survivors (5120K)
 Metaspace       used 26599K, capacity 27178K, committed 27392K, reserved 1073152K
  class space    used 3089K, capacity 3322K, committed 3328K, reserved 1048576K
}
Event: 3.167 GC heap after
{Heap after GC invocations=4 (full 0):
 garbage-first heap   total 262144K, used 7755K [0x0000000701800000, 0x0000000800000000)
  region size 1024K, 4 young (4096K), 4 survivors (4096K)
 Metaspace       used 26599K, capacity 27178K, committed 27392K, reserved 1073152K
  class space    used 3089K, capacity 3322K, committed 3328K, reserved 1048576K
}
Event: 5.720 GC heap before
{Heap before GC invocations=4 (full 0):
 garbage-first heap   total 262144K, used 57931K [0x0000000701800000, 0x0000000800000000)
  region size 1024K, 53 young (54272K), 4 survivors (4096K)
 Metaspace       used 34919K, capacity 35728K, committed 35840K, reserved 1081344K
  class space    used 4101K, capacity 4428K, committed 4480K, reserved 1048576K
}
Event: 5.730 GC heap after
{Heap after GC invocations=5 (full 0):
 garbage-first heap   total 262144K, used 10973K [0x0000000701800000, 0x0000000800000000)
  region size 1024K, 5 young (5120K), 5 survivors (5120K)
 Metaspace       used 34919K, capacity 35728K, committed 35840K, reserved 1081344K
  class space    used 4101K, capacity 4428K, committed 4480K, reserved 1048576K
}
Event: 5.750 GC heap before
{Heap before GC invocations=5 (full 0):
 garbage-first heap   total 262144K, used 10973K [0x0000000701800000, 0x0000000800000000)
  region size 1024K, 6 young (6144K), 5 survivors (5120K)
 Metaspace       used 34967K, capacity 35738K, committed 35840K, reserved 1081344K
  class space    used 4105K, capacity 4430K, committed 4480K, reserved 1048576K
}
Event: 5.760 GC heap after
{Heap after GC invocations=6 (full 0):
 garbage-first heap   total 262144K, used 11096K [0x0000000701800000, 0x0000000800000000)
  region size 1024K, 5 young (5120K), 5 survivors (5120K)
 Metaspace       used 34967K, capacity 35738K, committed 35840K, reserved 1081344K
  class space    used 4105K, capacity 4430K, committed 4480K, reserved 1048576K
}

