# JRE version: Java(TM) SE Runtime Environment (11.0.4+10) (build 11.0.4+10-LTS)
# Java VM: Java HotSpot(TM) 64-Bit Server VM (11.0.4+10-LTS, mixed mode, tiered, compressed oops, g1 gc, windows-amd64)
Heap:
 garbage-first heap   total 315392K, used 33575K [0x0000000701800000, 0x0000000800000000)
  region size 1024K, 30 young (30720K), 7 survivors (7168K)
 Metaspace       used 41535K, capacity 42521K, committed 42752K, reserved 1087488K
  class space    used 4880K, capacity 5259K, committed 5376K, reserved 1048576K
GC Heap History (10 events):
Event: 1.398 GC heap before
{Heap before GC invocations=1 (full 0):
 garbage-first heap   total 262144K, used 14245K [0x0000000701800000, 0x0000000800000000)
  region size 1024K, 12 young (12288K), 2 survivors (2048K)
 Metaspace       used 14493K, capacity 14758K, committed 14848K, reserved 1062912K
  class space    used 1424K, capacity 1497K, committed 1536K, reserved 1048576K
}
Event: 1.404 GC heap after
{Heap after GC invocations=2 (full 0):
 garbage-first heap   total 262144K, used 4874K [0x0000000701800000, 0x0000000800000000)
  region size 1024K, 1 young (1024K), 1 survivors (1024K)
 Metaspace       used 14493K, capacity 14758K, committed 14848K, reserved 1062912K
  class space    used 1424K, capacity 1497K, committed 1536K, reserved 1048576K
}
Event: 2.020 GC heap before
{Heap before GC invocations=2 (full 0):
 garbage-first heap   total 262144K, used 33546K [0x0000000701800000, 0x0000000800000000)
  region size 1024K, 30 young (30720K), 1 survivors (1024K)
 Metaspace       used 20395K, capacity 20852K, committed 20992K, reserved 1067008K
  class space    used 2309K, capacity 2470K, committed 2560K, reserved 1048576K
}
Event: 2.025 GC heap after
{Heap after GC invocations=3 (full 0):
 garbage-first heap   total 262144K, used 6167K [0x0000000701800000, 0x0000000800000000)
  region size 1024K, 3 young (3072K), 3 survivors (3072K)
 Metaspace       used 20395K, capacity 20852K, committed 20992K, reserved 1067008K
  class space    used 2309K, capacity 2470K, committed 2560K, reserved 1048576K
}
Event: 2.080 GC heap before
{Heap before GC invocations=3 (full 0):
 garbage-first heap   total 262144K, used 7191K [0x0000000701800000, 0x0000000800000000)
  region size 1024K, 6 young (6144K), 3 survivors (3072K)
 Metaspace       used 20728K, capacity 21149K, committed 21248K, reserved 1069056K
  class space    used 2347K, capacity 2505K, committed 2560K, reserved 1048576K
}
Event: 2.085 GC heap after
{Heap after GC invocations=4 (full 0):
 garbage-first heap   total 262144K, used 6275K [0x0000000701800000, 0x0000000800000000)
  region size 1024K, 3 young (3072K), 3 survivors (3072K)
 Metaspace       used 20728K, capacity 21149K, committed 21248K, reserved 1069056K
  class space    used 2347K, capacity 2505K, committed 2560K, reserved 1048576K
}
Event: 4.469 GC heap before
{Heap before GC invocations=5 (full 0):
 garbage-first heap   total 262144K, used 58499K [0x0000000701800000, 0x0000000800000000)
  region size 1024K, 54 young (55296K), 3 survivors (3072K)
 Metaspace       used 29386K, capacity 30005K, committed 30080K, reserved 1075200K
  class space    used 3403K, capacity 3678K, committed 3712K, reserved 1048576K
}
Event: 4.479 GC heap after
{Heap after GC invocations=6 (full 0):
 garbage-first heap   total 262144K, used 8363K [0x0000000701800000, 0x0000000800000000)
  region size 1024K, 5 young (5120K), 5 survivors (5120K)
 Metaspace       used 29386K, capacity 30005K, committed 30080K, reserved 1075200K
  class space    used 3403K, capacity 3678K, committed 3712K, reserved 1048576K
}
Event: 5.637 GC heap before
{Heap before GC invocations=6 (full 0):
 garbage-first heap   total 262144K, used 40107K [0x0000000701800000, 0x0000000800000000)
  region size 1024K, 37 young (37888K), 5 survivors (5120K)
 Metaspace       used 34930K, capacity 35788K, committed 35840K, reserved 1081344K
  class space    used 4102K, capacity 4428K, committed 4480K, reserved 1048576K
}
Event: 5.652 GC heap after
{Heap after GC invocations=7 (full 0):
 garbage-first heap   total 315392K, used 11047K [0x0000000701800000, 0x0000000800000000)
  region size 1024K, 7 young (7168K), 7 survivors (7168K)
 Metaspace       used 34930K, capacity 35788K, committed 35840K, reserved 1081344K
  class space    used 4102K, capacity 4428K, committed 4480K, reserved 1048576K
}

