# JRE version: Java(TM) SE Runtime Environment (11.0.4+10) (build 11.0.4+10-LTS)
# Java VM: Java HotSpot(TM) 64-Bit Server VM (11.0.4+10-LTS, mixed mode, tiered, compressed oops, g1 gc, windows-amd64)
Heap:
 garbage-first heap   total 320512K, used 32514K [0x0000000701800000, 0x0000000800000000)
  region size 1024K, 29 young (29696K), 7 survivors (7168K)
 Metaspace       used 41445K, capacity 42453K, committed 42752K, reserved 1087488K
  class space    used 4872K, capacity 5259K, committed 5376K, reserved 1048576K
GC Heap History (10 events):
Event: 1.118 GC heap before
{Heap before GC invocations=1 (full 0):
 garbage-first heap   total 262144K, used 13967K [0x0000000701800000, 0x0000000800000000)
  region size 1024K, 12 young (12288K), 2 survivors (2048K)
 Metaspace       used 14283K, capacity 14551K, committed 14848K, reserved 1062912K
  class space    used 1400K, capacity 1492K, committed 1536K, reserved 1048576K
}
Event: 1.121 GC heap after
{Heap after GC invocations=2 (full 0):
 garbage-first heap   total 262144K, used 4866K [0x0000000701800000, 0x0000000800000000)
  region size 1024K, 1 young (1024K), 1 survivors (1024K)
 Metaspace       used 14283K, capacity 14551K, committed 14848K, reserved 1062912K
  class space    used 1400K, capacity 1492K, committed 1536K, reserved 1048576K
}
Event: 1.575 GC heap before
{Heap before GC invocations=2 (full 0):
 garbage-first heap   total 262144K, used 33538K [0x0000000701800000, 0x0000000800000000)
  region size 1024K, 29 young (29696K), 1 survivors (1024K)
 Metaspace       used 20027K, capacity 20446K, committed 20736K, reserved 1067008K
  class space    used 2276K, capacity 2439K, committed 2560K, reserved 1048576K
}
Event: 1.580 GC heap after
{Heap after GC invocations=3 (full 0):
 garbage-first heap   total 262144K, used 6144K [0x0000000701800000, 0x0000000800000000)
  region size 1024K, 3 young (3072K), 3 survivors (3072K)
 Metaspace       used 20027K, capacity 20446K, committed 20736K, reserved 1067008K
  class space    used 2276K, capacity 2439K, committed 2560K, reserved 1048576K
}
Event: 1.680 GC heap before
{Heap before GC invocations=3 (full 0):
 garbage-first heap   total 262144K, used 9216K [0x0000000701800000, 0x0000000800000000)
  region size 1024K, 7 young (7168K), 3 survivors (3072K)
 Metaspace       used 20787K, capacity 21220K, committed 21248K, reserved 1069056K
  class space    used 2380K, capacity 2549K, committed 2560K, reserved 1048576K
}
Event: 1.698 GC heap after
{Heap after GC invocations=4 (full 0):
 garbage-first heap   total 262144K, used 6467K [0x0000000701800000, 0x0000000800000000)
  region size 1024K, 3 young (3072K), 3 survivors (3072K)
 Metaspace       used 20787K, capacity 21220K, committed 21248K, reserved 1069056K
  class space    used 2380K, capacity 2549K, committed 2560K, reserved 1048576K
}
Event: 3.261 GC heap before
{Heap before GC invocations=5 (full 0):
 garbage-first heap   total 262144K, used 52547K [0x0000000701800000, 0x0000000800000000)
  region size 1024K, 48 young (49152K), 3 survivors (3072K)
 Metaspace       used 28160K, capacity 28810K, committed 28928K, reserved 1075200K
  class space    used 3258K, capacity 3515K, committed 3584K, reserved 1048576K
}
Event: 3.268 GC heap after
{Heap after GC invocations=6 (full 0):
 garbage-first heap   total 262144K, used 8400K [0x0000000701800000, 0x0000000800000000)
  region size 1024K, 5 young (5120K), 5 survivors (5120K)
 Metaspace       used 28160K, capacity 28810K, committed 28928K, reserved 1075200K
  class space    used 3258K, capacity 3515K, committed 3584K, reserved 1048576K
}
Event: 5.367 GC heap before
{Heap before GC invocations=6 (full 0):
 garbage-first heap   total 262144K, used 45264K [0x0000000701800000, 0x0000000800000000)
  region size 1024K, 42 young (43008K), 5 survivors (5120K)
 Metaspace       used 34952K, capacity 35742K, committed 35840K, reserved 1081344K
  class space    used 4106K, capacity 4433K, committed 4480K, reserved 1048576K
}
Event: 5.379 GC heap after
{Heap after GC invocations=7 (full 0):
 garbage-first heap   total 320512K, used 11010K [0x0000000701800000, 0x0000000800000000)
  region size 1024K, 7 young (7168K), 7 survivors (7168K)
 Metaspace       used 34952K, capacity 35742K, committed 35840K, reserved 1081344K
  class space    used 4106K, capacity 4433K, committed 4480K, reserved 1048576K
}

