# JRE version: Java(TM) SE Runtime Environment (11.0.4+10) (build 11.0.4+10-LTS)
# Java VM: Java HotSpot(TM) 64-Bit Server VM (11.0.4+10-LTS, mixed mode, tiered, compressed oops, g1 gc, windows-amd64)
Heap:
 garbage-first heap   total 315392K, used 32520K [0x0000000701800000, 0x0000000800000000)
  region size 1024K, 30 young (30720K), 8 survivors (8192K)
 Metaspace       used 41601K, capacity 42612K, committed 42704K, reserved 1087488K
  class space    used 4895K, capacity 5291K, committed 5328K, reserved 1048576K
GC Heap History (10 events):
Event: 0.884 GC heap before
{Heap before GC invocations=0 (full 0):
 garbage-first heap   total 262144K, used 13312K [0x0000000701800000, 0x0000000800000000)
  region size 1024K, 14 young (14336K), 0 survivors (0K)
 Metaspace       used 10617K, capacity 10771K, committed 10880K, reserved 1058816K
  class space    used 1008K, capacity 1056K, committed 1152K, reserved 1048576K
}
Event: 0.894 GC heap after
{Heap after GC invocations=1 (full 0):
 garbage-first heap   total 262144K, used 3756K [0x0000000701800000, 0x0000000800000000)
  region size 1024K, 2 young (2048K), 2 survivors (2048K)
 Metaspace       used 10617K, capacity 10771K, committed 10880K, reserved 1058816K
  class space    used 1008K, capacity 1056K, committed 1152K, reserved 1048576K
}
Event: 1.133 GC heap before
{Heap before GC invocations=1 (full 0):
 garbage-first heap   total 262144K, used 13996K [0x0000000701800000, 0x0000000800000000)
  region size 1024K, 12 young (12288K), 2 survivors (2048K)
 Metaspace       used 14337K, capacity 14554K, committed 14848K, reserved 1062912K
  class space    used 1406K, capacity 1493K, committed 1536K, reserved 1048576K
}
Event: 1.137 GC heap after
{Heap after GC invocations=2 (full 0):
 garbage-first heap   total 262144K, used 4787K [0x0000000701800000, 0x0000000800000000)
  region size 1024K, 2 young (2048K), 2 survivors (2048K)
 Metaspace       used 14337K, capacity 14554K, committed 14848K, reserved 1062912K
  class space    used 1406K, capacity 1493K, committed 1536K, reserved 1048576K
}
Event: 1.684 GC heap before
{Heap before GC invocations=2 (full 0):
 garbage-first heap   total 262144K, used 35507K [0x0000000701800000, 0x0000000800000000)
  region size 1024K, 33 young (33792K), 2 survivors (2048K)
 Metaspace       used 20640K, capacity 21117K, committed 21248K, reserved 1069056K
  class space    used 2356K, capacity 2515K, committed 2560K, reserved 1048576K
}
Event: 1.689 GC heap after
{Heap after GC invocations=3 (full 0):
 garbage-first heap   total 262144K, used 6228K [0x0000000701800000, 0x0000000800000000)
  region size 1024K, 3 young (3072K), 3 survivors (3072K)
 Metaspace       used 20640K, capacity 21117K, committed 21248K, reserved 1069056K
  class space    used 2356K, capacity 2515K, committed 2560K, reserved 1048576K
}
Event: 1.705 GC heap before
{Heap before GC invocations=3 (full 0):
 garbage-first heap   total 262144K, used 6228K [0x0000000701800000, 0x0000000800000000)
  region size 1024K, 4 young (4096K), 3 survivors (3072K)
 Metaspace       used 20747K, capacity 21216K, committed 21248K, reserved 1069056K
  class space    used 2366K, capacity 2548K, committed 2560K, reserved 1048576K
}
Event: 1.709 GC heap after
{Heap after GC invocations=4 (full 0):
 garbage-first heap   total 262144K, used 6386K [0x0000000701800000, 0x0000000800000000)
  region size 1024K, 3 young (3072K), 3 survivors (3072K)
 Metaspace       used 20747K, capacity 21216K, committed 21248K, reserved 1069056K
  class space    used 2366K, capacity 2548K, committed 2560K, reserved 1048576K
}
Event: 5.472 GC heap before
{Heap before GC invocations=5 (full 0):
 garbage-first heap   total 262144K, used 89330K [0x0000000701800000, 0x0000000800000000)
  region size 1024K, 85 young (87040K), 3 survivors (3072K)
 Metaspace       used 35078K, capacity 35911K, committed 36048K, reserved 1081344K
  class space    used 4115K, capacity 4468K, committed 4560K, reserved 1048576K
}
Event: 5.486 GC heap after
{Heap after GC invocations=6 (full 0):
 garbage-first heap   total 315392K, used 11016K [0x0000000701800000, 0x0000000800000000)
  region size 1024K, 8 young (8192K), 8 survivors (8192K)
 Metaspace       used 35078K, capacity 35911K, committed 36048K, reserved 1081344K
  class space    used 4115K, capacity 4468K, committed 4560K, reserved 1048576K
}

