# JRE version: Java(TM) SE Runtime Environment (11.0.4+10) (build 11.0.4+10-LTS)
# Java VM: Java HotSpot(TM) 64-Bit Server VM (11.0.4+10-LTS, mixed mode, tiered, compressed oops, g1 gc, windows-amd64)
Heap:
 garbage-first heap   total 262144K, used 32448K [0x0000000701800000, 0x0000000800000000)
  region size 1024K, 27 young (27648K), 5 survivors (5120K)
 Metaspace       used 41579K, capacity 42549K, committed 42752K, reserved 1087488K
  class space    used 4886K, capacity 5291K, committed 5376K, reserved 1048576K
GC Heap History (10 events):
Event: 0.834 GC heap before
{Heap before GC invocations=0 (full 0):
 garbage-first heap   total 262144K, used 13312K [0x0000000701800000, 0x0000000800000000)
  region size 1024K, 14 young (14336K), 0 survivors (0K)
 Metaspace       used 10559K, capacity 10771K, committed 10880K, reserved 1058816K
  class space    used 1001K, capacity 1056K, committed 1152K, reserved 1048576K
}
Event: 0.852 GC heap after
{Heap after GC invocations=1 (full 0):
 garbage-first heap   total 262144K, used 3682K [0x0000000701800000, 0x0000000800000000)
  region size 1024K, 2 young (2048K), 2 survivors (2048K)
 Metaspace       used 10559K, capacity 10771K, committed 10880K, reserved 1058816K
  class space    used 1001K, capacity 1056K, committed 1152K, reserved 1048576K
}
Event: 2.054 GC heap before
{Heap before GC invocations=1 (full 0):
 garbage-first heap   total 262144K, used 43618K [0x0000000701800000, 0x0000000800000000)
  region size 1024K, 42 young (43008K), 2 survivors (2048K)
 Metaspace       used 20750K, capacity 21169K, committed 21248K, reserved 1069056K
  class space    used 2354K, capacity 2512K, committed 2560K, reserved 1048576K
}
Event: 2.063 GC heap after
{Heap after GC invocations=2 (full 0):
 garbage-first heap   total 262144K, used 6353K [0x0000000701800000, 0x0000000800000000)
  region size 1024K, 5 young (5120K), 5 survivors (5120K)
 Metaspace       used 20750K, capacity 21169K, committed 21248K, reserved 1069056K
  class space    used 2354K, capacity 2512K, committed 2560K, reserved 1048576K
}
Event: 2.966 GC heap before
{Heap before GC invocations=3 (full 0):
 garbage-first heap   total 262144K, used 38097K [0x0000000701800000, 0x0000000800000000)
  region size 1024K, 36 young (36864K), 5 survivors (5120K)
 Metaspace       used 26584K, capacity 27178K, committed 27392K, reserved 1073152K
  class space    used 3080K, capacity 3322K, committed 3328K, reserved 1048576K
}
Event: 2.973 GC heap after
{Heap after GC invocations=4 (full 0):
 garbage-first heap   total 262144K, used 7651K [0x0000000701800000, 0x0000000800000000)
  region size 1024K, 4 young (4096K), 4 survivors (4096K)
 Metaspace       used 26584K, capacity 27178K, committed 27392K, reserved 1073152K
  class space    used 3080K, capacity 3322K, committed 3328K, reserved 1048576K
}
Event: 6.579 GC heap before
{Heap before GC invocations=4 (full 0):
 garbage-first heap   total 262144K, used 56803K [0x0000000701800000, 0x0000000800000000)
  region size 1024K, 52 young (53248K), 4 survivors (4096K)
 Metaspace       used 34775K, capacity 35588K, committed 35712K, reserved 1081344K
  class space    used 4086K, capacity 4426K, committed 4480K, reserved 1048576K
}
Event: 6.597 GC heap after
{Heap after GC invocations=5 (full 0):
 garbage-first heap   total 262144K, used 10821K [0x0000000701800000, 0x0000000800000000)
  region size 1024K, 5 young (5120K), 5 survivors (5120K)
 Metaspace       used 34775K, capacity 35588K, committed 35712K, reserved 1081344K
  class space    used 4086K, capacity 4426K, committed 4480K, reserved 1048576K
}
Event: 6.683 GC heap before
{Heap before GC invocations=5 (full 0):
 garbage-first heap   total 262144K, used 12869K [0x0000000701800000, 0x0000000800000000)
  region size 1024K, 8 young (8192K), 5 survivors (5120K)
 Metaspace       used 34965K, capacity 35744K, committed 35840K, reserved 1081344K
  class space    used 4106K, capacity 4433K, committed 4480K, reserved 1048576K
}
Event: 6.690 GC heap after
{Heap after GC invocations=6 (full 0):
 garbage-first heap   total 262144K, used 10944K [0x0000000701800000, 0x0000000800000000)
  region size 1024K, 5 young (5120K), 5 survivors (5120K)
 Metaspace       used 34965K, capacity 35744K, committed 35840K, reserved 1081344K
  class space    used 4106K, capacity 4433K, committed 4480K, reserved 1048576K
}

