# JRE version: Java(TM) SE Runtime Environment (11.0.4+10) (build 11.0.4+10-LTS)
# Java VM: Java HotSpot(TM) 64-Bit Server VM (11.0.4+10-LTS, mixed mode, tiered, compressed oops, g1 gc, windows-amd64)
Heap:
 garbage-first heap   total 262144K, used 36421K [0x0000000701800000, 0x0000000800000000)
  region size 1024K, 33 young (33792K), 7 survivors (7168K)
 Metaspace       used 41517K, capacity 42518K, committed 42668K, reserved 1087488K
  class space    used 4882K, capacity 5259K, committed 5376K, reserved 1048576K
GC Heap History (10 events):
Event: 1.122 GC heap before
{Heap before GC invocations=0 (full 0):
 garbage-first heap   total 262144K, used 13312K [0x0000000701800000, 0x0000000800000000)
  region size 1024K, 14 young (14336K), 0 survivors (0K)
 Metaspace       used 10553K, capacity 10732K, committed 10752K, reserved 1058816K
  class space    used 992K, capacity 1021K, committed 1024K, reserved 1048576K
}
Event: 1.132 GC heap after
{Heap after GC invocations=1 (full 0):
 garbage-first heap   total 262144K, used 3918K [0x0000000701800000, 0x0000000800000000)
  region size 1024K, 2 young (2048K), 2 survivors (2048K)
 Metaspace       used 10553K, capacity 10732K, committed 10752K, reserved 1058816K
  class space    used 992K, capacity 1021K, committed 1024K, reserved 1048576K
}
Event: 1.498 GC heap before
{Heap before GC invocations=1 (full 0):
 garbage-first heap   total 262144K, used 15182K [0x0000000701800000, 0x0000000800000000)
  region size 1024K, 13 young (13312K), 2 survivors (2048K)
 Metaspace       used 14784K, capacity 15068K, committed 15232K, reserved 1062912K
  class space    used 1461K, capacity 1537K, committed 1664K, reserved 1048576K
}
Event: 1.503 GC heap after
{Heap after GC invocations=2 (full 0):
 garbage-first heap   total 262144K, used 5026K [0x0000000701800000, 0x0000000800000000)
  region size 1024K, 1 young (1024K), 1 survivors (1024K)
 Metaspace       used 14784K, capacity 15068K, committed 15232K, reserved 1062912K
  class space    used 1461K, capacity 1537K, committed 1664K, reserved 1048576K
}
Event: 2.149 GC heap before
{Heap before GC invocations=2 (full 0):
 garbage-first heap   total 262144K, used 32674K [0x0000000701800000, 0x0000000800000000)
  region size 1024K, 30 young (30720K), 1 survivors (1024K)
 Metaspace       used 20635K, capacity 21153K, committed 21248K, reserved 1069056K
  class space    used 2367K, capacity 2548K, committed 2560K, reserved 1048576K
}
Event: 2.155 GC heap after
{Heap after GC invocations=3 (full 0):
 garbage-first heap   total 262144K, used 6362K [0x0000000701800000, 0x0000000800000000)
  region size 1024K, 3 young (3072K), 3 survivors (3072K)
 Metaspace       used 20635K, capacity 21153K, committed 21248K, reserved 1069056K
  class space    used 2367K, capacity 2548K, committed 2560K, reserved 1048576K
}
Event: 3.491 GC heap before
{Heap before GC invocations=4 (full 0):
 garbage-first heap   total 262144K, used 48346K [0x0000000701800000, 0x0000000800000000)
  region size 1024K, 44 young (45056K), 3 survivors (3072K)
 Metaspace       used 27451K, capacity 28091K, committed 28416K, reserved 1075200K
  class space    used 3179K, capacity 3471K, committed 3584K, reserved 1048576K
}
Event: 3.500 GC heap after
{Heap after GC invocations=5 (full 0):
 garbage-first heap   total 262144K, used 8048K [0x0000000701800000, 0x0000000800000000)
  region size 1024K, 4 young (4096K), 4 survivors (4096K)
 Metaspace       used 27451K, capacity 28091K, committed 28416K, reserved 1075200K
  class space    used 3179K, capacity 3471K, committed 3584K, reserved 1048576K
}
Event: 6.322 GC heap before
{Heap before GC invocations=5 (full 0):
 garbage-first heap   total 262144K, used 46960K [0x0000000701800000, 0x0000000800000000)
  region size 1024K, 43 young (44032K), 4 survivors (4096K)
 Metaspace       used 34707K, capacity 35511K, committed 35628K, reserved 1081344K
  class space    used 4075K, capacity 4422K, committed 4480K, reserved 1048576K
}
Event: 6.334 GC heap after
{Heap after GC invocations=6 (full 0):
 garbage-first heap   total 262144K, used 10821K [0x0000000701800000, 0x0000000800000000)
  region size 1024K, 7 young (7168K), 7 survivors (7168K)
 Metaspace       used 34707K, capacity 35511K, committed 35628K, reserved 1081344K
  class space    used 4075K, capacity 4422K, committed 4480K, reserved 1048576K
}

