# JRE version: Java(TM) SE Runtime Environment (11.0.4+10) (build 11.0.4+10-LTS)
# Java VM: Java HotSpot(TM) 64-Bit Server VM (11.0.4+10-LTS, mixed mode, tiered, compressed oops, g1 gc, windows-amd64)
Heap:
 garbage-first heap   total 262144K, used 30599K [0x0000000701800000, 0x0000000800000000)
  region size 1024K, 25 young (25600K), 5 survivors (5120K)
 Metaspace       used 41488K, capacity 42457K, committed 42704K, reserved 1087488K
  class space    used 4874K, capacity 5259K, committed 5328K, reserved 1048576K
GC Heap History (8 events):
Event: 1.259 GC heap before
{Heap before GC invocations=0 (full 0):
 garbage-first heap   total 262144K, used 13312K [0x0000000701800000, 0x0000000800000000)
  region size 1024K, 14 young (14336K), 0 survivors (0K)
 Metaspace       used 10600K, capacity 10737K, committed 10752K, reserved 1058816K
  class space    used 995K, capacity 1023K, committed 1024K, reserved 1048576K
}
Event: 1.314 GC heap after
{Heap after GC invocations=1 (full 0):
 garbage-first heap   total 262144K, used 3971K [0x0000000701800000, 0x0000000800000000)
  region size 1024K, 2 young (2048K), 2 survivors (2048K)
 Metaspace       used 10600K, capacity 10737K, committed 10752K, reserved 1058816K
  class space    used 995K, capacity 1023K, committed 1024K, reserved 1048576K
}
Event: 2.403 GC heap before
{Heap before GC invocations=1 (full 0):
 garbage-first heap   total 262144K, used 44931K [0x0000000701800000, 0x0000000800000000)
  region size 1024K, 43 young (44032K), 2 survivors (2048K)
 Metaspace       used 20739K, capacity 21217K, committed 21248K, reserved 1069056K
  class space    used 2370K, capacity 2548K, committed 2560K, reserved 1048576K
}
Event: 2.415 GC heap after
{Heap after GC invocations=2 (full 0):
 garbage-first heap   total 262144K, used 6245K [0x0000000701800000, 0x0000000800000000)
  region size 1024K, 5 young (5120K), 5 survivors (5120K)
 Metaspace       used 20739K, capacity 21217K, committed 21248K, reserved 1069056K
  class space    used 2370K, capacity 2548K, committed 2560K, reserved 1048576K
}
Event: 3.742 GC heap before
{Heap before GC invocations=3 (full 0):
 garbage-first heap   total 262144K, used 43109K [0x0000000701800000, 0x0000000800000000)
  region size 1024K, 42 young (43008K), 5 survivors (5120K)
 Metaspace       used 26872K, capacity 27494K, committed 27772K, reserved 1073152K
  class space    used 3104K, capacity 3361K, committed 3452K, reserved 1048576K
}
Event: 3.751 GC heap after
{Heap after GC invocations=4 (full 0):
 garbage-first heap   total 262144K, used 7983K [0x0000000701800000, 0x0000000800000000)
  region size 1024K, 4 young (4096K), 4 survivors (4096K)
 Metaspace       used 26872K, capacity 27494K, committed 27772K, reserved 1073152K
  class space    used 3104K, capacity 3361K, committed 3452K, reserved 1048576K
}
Event: 6.300 GC heap before
{Heap before GC invocations=4 (full 0):
 garbage-first heap   total 262144K, used 53039K [0x0000000701800000, 0x0000000800000000)
  region size 1024K, 49 young (50176K), 4 survivors (4096K)
 Metaspace       used 35063K, capacity 35916K, committed 36048K, reserved 1081344K
  class space    used 4114K, capacity 4468K, committed 4560K, reserved 1048576K
}
Event: 6.316 GC heap after
{Heap after GC invocations=5 (full 0):
 garbage-first heap   total 262144K, used 11143K [0x0000000701800000, 0x0000000800000000)
  region size 1024K, 5 young (5120K), 5 survivors (5120K)
 Metaspace       used 35063K, capacity 35916K, committed 36048K, reserved 1081344K
  class space    used 4114K, capacity 4468K, committed 4560K, reserved 1048576K
}

