# JRE version: Java(TM) SE Runtime Environment (11.0.4+10) (build 11.0.4+10-LTS)
# Java VM: Java HotSpot(TM) 64-Bit Server VM (11.0.4+10-LTS, mixed mode, tiered, compressed oops, g1 gc, windows-amd64)
Heap:
 garbage-first heap   total 315392K, used 32612K [0x0000000701800000, 0x0000000800000000)
  region size 1024K, 27 young (27648K), 5 survivors (5120K)
 Metaspace       used 41496K, capacity 42517K, committed 42576K, reserved 1087488K
  class space    used 4872K, capacity 5259K, committed 5296K, reserved 1048576K
GC Heap History (10 events):
Event: 0.910 GC heap before
{Heap before GC invocations=0 (full 0):
 garbage-first heap   total 262144K, used 13312K [0x0000000701800000, 0x0000000800000000)
  region size 1024K, 14 young (14336K), 0 survivors (0K)
 Metaspace       used 10608K, capacity 10771K, committed 10880K, reserved 1058816K
  class space    used 1008K, capacity 1056K, committed 1152K, reserved 1048576K
}
Event: 0.920 GC heap after
{Heap after GC invocations=1 (full 0):
 garbage-first heap   total 262144K, used 3936K [0x0000000701800000, 0x0000000800000000)
  region size 1024K, 2 young (2048K), 2 survivors (2048K)
 Metaspace       used 10608K, capacity 10771K, committed 10880K, reserved 1058816K
  class space    used 1008K, capacity 1056K, committed 1152K, reserved 1048576K
}
Event: 1.863 GC heap before
{Heap before GC invocations=1 (full 0):
 garbage-first heap   total 262144K, used 45920K [0x0000000701800000, 0x0000000800000000)
  region size 1024K, 44 young (45056K), 2 survivors (2048K)
 Metaspace       used 20773K, capacity 21249K, committed 21296K, reserved 1069056K
  class space    used 2389K, capacity 2578K, committed 2608K, reserved 1048576K
}
Event: 1.872 GC heap after
{Heap after GC invocations=2 (full 0):
 garbage-first heap   total 262144K, used 6355K [0x0000000701800000, 0x0000000800000000)
  region size 1024K, 5 young (5120K), 5 survivors (5120K)
 Metaspace       used 20773K, capacity 21249K, committed 21296K, reserved 1069056K
  class space    used 2389K, capacity 2578K, committed 2608K, reserved 1048576K
}
Event: 2.351 GC heap before
{Heap before GC invocations=3 (full 0):
 garbage-first heap   total 262144K, used 36051K [0x0000000701800000, 0x0000000800000000)
  region size 1024K, 35 young (35840K), 5 survivors (5120K)
 Metaspace       used 26496K, capacity 27110K, committed 27184K, reserved 1073152K
  class space    used 3070K, capacity 3321K, committed 3376K, reserved 1048576K
}
Event: 2.358 GC heap after
{Heap after GC invocations=4 (full 0):
 garbage-first heap   total 262144K, used 7804K [0x0000000701800000, 0x0000000800000000)
  region size 1024K, 4 young (4096K), 4 survivors (4096K)
 Metaspace       used 26496K, capacity 27110K, committed 27184K, reserved 1073152K
  class space    used 3070K, capacity 3321K, committed 3376K, reserved 1048576K
}
Event: 4.700 GC heap before
{Heap before GC invocations=4 (full 0):
 garbage-first heap   total 262144K, used 59004K [0x0000000701800000, 0x0000000800000000)
  region size 1024K, 54 young (55296K), 4 survivors (4096K)
 Metaspace       used 34795K, capacity 35650K, committed 35760K, reserved 1081344K
  class space    used 4084K, capacity 4426K, committed 4528K, reserved 1048576K
}
Event: 4.712 GC heap after
{Heap after GC invocations=5 (full 0):
 garbage-first heap   total 262144K, used 10997K [0x0000000701800000, 0x0000000800000000)
  region size 1024K, 5 young (5120K), 5 survivors (5120K)
 Metaspace       used 34795K, capacity 35650K, committed 35760K, reserved 1081344K
  class space    used 4084K, capacity 4426K, committed 4528K, reserved 1048576K
}
Event: 4.814 GC heap before
{Heap before GC invocations=5 (full 0):
 garbage-first heap   total 262144K, used 13045K [0x0000000701800000, 0x0000000800000000)
  region size 1024K, 8 young (8192K), 5 survivors (5120K)
 Metaspace       used 35004K, capacity 35839K, committed 35920K, reserved 1081344K
  class space    used 4108K, capacity 4465K, committed 4528K, reserved 1048576K
}
Event: 4.822 GC heap after
{Heap after GC invocations=6 (full 0):
 garbage-first heap   total 315392K, used 11108K [0x0000000701800000, 0x0000000800000000)
  region size 1024K, 5 young (5120K), 5 survivors (5120K)
 Metaspace       used 35004K, capacity 35839K, committed 35920K, reserved 1081344K
  class space    used 4108K, capacity 4465K, committed 4528K, reserved 1048576K
}

