# JRE version: Java(TM) SE Runtime Environment (11.0.4+10) (build 11.0.4+10-LTS)
# Java VM: Java HotSpot(TM) 64-Bit Server VM (11.0.4+10-LTS, mixed mode, tiered, compressed oops, g1 gc, windows-amd64)
Heap:
 garbage-first heap   total 262144K, used 32425K [0x0000000701800000, 0x0000000800000000)
  region size 1024K, 29 young (29696K), 7 survivors (7168K)
 Metaspace       used 41552K, capacity 42548K, committed 42752K, reserved 1087488K
  class space    used 4889K, capacity 5291K, committed 5376K, reserved 1048576K
GC Heap History (10 events):
Event: 1.321 GC heap before
{Heap before GC invocations=0 (full 0):
 garbage-first heap   total 262144K, used 13312K [0x0000000701800000, 0x0000000800000000)
  region size 1024K, 14 young (14336K), 0 survivors (0K)
 Metaspace       used 10644K, capacity 10899K, committed 11136K, reserved 1058816K
  class space    used 1008K, capacity 1056K, committed 1152K, reserved 1048576K
}
Event: 1.326 GC heap after
{Heap after GC invocations=1 (full 0):
 garbage-first heap   total 262144K, used 3732K [0x0000000701800000, 0x0000000800000000)
  region size 1024K, 2 young (2048K), 2 survivors (2048K)
 Metaspace       used 10644K, capacity 10899K, committed 11136K, reserved 1058816K
  class space    used 1008K, capacity 1056K, committed 1152K, reserved 1048576K
}
Event: 1.671 GC heap before
{Heap before GC invocations=1 (full 0):
 garbage-first heap   total 262144K, used 13972K [0x0000000701800000, 0x0000000800000000)
  region size 1024K, 12 young (12288K), 2 survivors (2048K)
 Metaspace       used 14467K, capacity 14758K, committed 14848K, reserved 1062912K
  class space    used 1415K, capacity 1497K, committed 1536K, reserved 1048576K
}
Event: 1.676 GC heap after
{Heap after GC invocations=2 (full 0):
 garbage-first heap   total 262144K, used 4898K [0x0000000701800000, 0x0000000800000000)
  region size 1024K, 2 young (2048K), 2 survivors (2048K)
 Metaspace       used 14467K, capacity 14758K, committed 14848K, reserved 1062912K
  class space    used 1415K, capacity 1497K, committed 1536K, reserved 1048576K
}
Event: 2.429 GC heap before
{Heap before GC invocations=2 (full 0):
 garbage-first heap   total 262144K, used 35618K [0x0000000701800000, 0x0000000800000000)
  region size 1024K, 33 young (33792K), 2 survivors (2048K)
 Metaspace       used 20755K, capacity 21219K, committed 21248K, reserved 1069056K
  class space    used 2375K, capacity 2549K, committed 2560K, reserved 1048576K
}
Event: 2.434 GC heap after
{Heap after GC invocations=3 (full 0):
 garbage-first heap   total 262144K, used 6386K [0x0000000701800000, 0x0000000800000000)
  region size 1024K, 3 young (3072K), 3 survivors (3072K)
 Metaspace       used 20755K, capacity 21219K, committed 21248K, reserved 1069056K
  class space    used 2375K, capacity 2549K, committed 2560K, reserved 1048576K
}
Event: 2.452 GC heap before
{Heap before GC invocations=3 (full 0):
 garbage-first heap   total 262144K, used 6386K [0x0000000701800000, 0x0000000800000000)
  region size 1024K, 4 young (4096K), 3 survivors (3072K)
 Metaspace       used 20792K, capacity 21222K, committed 21248K, reserved 1069056K
  class space    used 2378K, capacity 2550K, committed 2560K, reserved 1048576K
}
Event: 2.456 GC heap after
{Heap after GC invocations=4 (full 0):
 garbage-first heap   total 262144K, used 6397K [0x0000000701800000, 0x0000000800000000)
  region size 1024K, 3 young (3072K), 3 survivors (3072K)
 Metaspace       used 20792K, capacity 21222K, committed 21248K, reserved 1069056K
  class space    used 2378K, capacity 2550K, committed 2560K, reserved 1048576K
}
Event: 5.361 GC heap before
{Heap before GC invocations=5 (full 0):
 garbage-first heap   total 262144K, used 89341K [0x0000000701800000, 0x0000000800000000)
  region size 1024K, 85 young (87040K), 3 survivors (3072K)
 Metaspace       used 34969K, capacity 35743K, committed 35840K, reserved 1081344K
  class space    used 4106K, capacity 4433K, committed 4480K, reserved 1048576K
}
Event: 5.374 GC heap after
{Heap after GC invocations=6 (full 0):
 garbage-first heap   total 262144K, used 10921K [0x0000000701800000, 0x0000000800000000)
  region size 1024K, 7 young (7168K), 7 survivors (7168K)
 Metaspace       used 34969K, capacity 35743K, committed 35840K, reserved 1081344K
  class space    used 4106K, capacity 4433K, committed 4480K, reserved 1048576K
}

